Log file open, 04/01/17 05:32:42
LogInit:Display: Running engine for game: Human_V0_1
LogPlatformFile: Not using cached read wrapper
LogInit:Display: RandInit(-1392864854) SRandInit(-1392864854).
LogTaskGraph: Started task graph with 5 named threads and 8 total threads with 1 sets of task threads.
LogStats: Stats thread started at 0.126523
LogInit: Using libcurl 7.47.1
LogInit:  - built for x86_64-pc-win32
LogInit:  - supports SSL with OpenSSL/1.0.2g
LogInit:  - supports HTTP deflate (compression) using libz 1.2.8
LogInit:  - other features:
LogInit:      CURL_VERSION_SSL
LogInit:      CURL_VERSION_LIBZ
LogInit:      CURL_VERSION_IPV6
LogInit:      CURL_VERSION_ASYNCHDNS
LogInit:      CURL_VERSION_LARGEFILE
LogInit:      CURL_VERSION_IDN
LogInit:  CurlRequestOptions (configurable via config and command line):
LogInit:  - bVerifyPeer = false  - Libcurl will NOT verify peer certificate
LogInit:  - bUseHttpProxy = false  - Libcurl will NOT use HTTP proxy
LogInit:  - bDontReuseConnections = false  - Libcurl will reuse connections
LogInit:  - CertBundlePath = nullptr  - Libcurl will use whatever was configured at build time.
OCULUS: Info: [CAPI] LibOVR module is located at C:\Program Files\Oculus\Support\oculus-runtime\LibOVRRT64_1.dll
OCULUS: Debug: Connected to the server running version (prod = 1).1.12.0(build = 347531) feature version = 0. Client runs version (prod = 1).1.12.0(build = 347531) feature version = 0
LogHMD: GearVR: Emulating GearVR using Oculus Rift!
LogInit: Build: ++UE4+Release-4.15-CL-3348071
LogInit: Engine Version: 4.15.1-3348071+++UE4+Release-4.15
LogInit: Compatible Engine Version: 4.15.0-3299760+++UE4+Release-4.15
LogInit: Net CL: 3299760
LogDevObjectVersion: Number of dev versions registered: 14
LogDevObjectVersion:   Dev-Blueprints (B0D832E4-1F89-4F0D-ACCF-7EB736FD4AA2): 8
LogDevObjectVersion:   Dev-Build (E1C64328-A22C-4D53-A36C-8E866417BD8C): 0
LogDevObjectVersion:   Dev-Core (375EC13C-06E4-48FB-B500-84F0262A717E): 2
LogDevObjectVersion:   Dev-Editor (E4B068ED-F494-42E9-A231-DA0B2E46BB41): 14
LogDevObjectVersion:   Dev-Framework (CFFC743F-43B0-4480-9391-14DF171D2073): 22
LogDevObjectVersion:   Dev-Mobile (B02B49B5-BB20-44E9-A304-32B752E40360): 0
LogDevObjectVersion:   Dev-Networking (A4E4105C-59A1-49B5-A7C5-40C4547EDFEE): 0
LogDevObjectVersion:   Dev-Online (39C831C9-5AE6-47DC-9A44-9C173E1C8E7C): 0
LogDevObjectVersion:   Dev-Physics (78F01B33-EBEA-4F98-B9B4-84EACCB95AA2): 0
LogDevObjectVersion:   Dev-Platform (6631380F-2D4D-43E0-8009-CF276956A95A): 0
LogDevObjectVersion:   Dev-Rendering (12F88B9F-8875-4AFC-A67C-D90C383ABD29): 12
LogDevObjectVersion:   Dev-Sequencer (7B5AE74C-D270-4C10-A958-57980B212A5A): 3
LogDevObjectVersion:   Dev-VR (D7296918-1DD6-4BDD-9DE2-64A83CC13884): 0
LogDevObjectVersion:   Dev-LoadTimes (C2A15278-BFE7-4AFE-6C17-90FF531DF755): 1
LogInit: Compiled (64-bit): Mar 15 2017 16:52:47
LogInit: Compiled with Visual C++: 19.00.23026.00
LogInit: Build Configuration: Development
LogInit: Branch Name: ++UE4+Release-4.15
LogInit: Command line: -EpicPortal 
LogInit: Base directory: D:/ProgramFiles/Epic Games/UE_4.15/Engine/Binaries/Win64/
LogInit: Installed Engine Build: 1
LogInit: Presizing for max 8388607 objects, including 0 objects not considered by GC, pre-allocating 0 bytes for permanent pool.
LogInit: Object subsystem initialized
[2017.04.01-12.32.43:508][  0]LogConsoleManager:Display: Setting the console variable 'r.RHICmdBypass' with 'SetByProjectSetting' was ignored as it is lower priority than the previous 'SetBySystemSettingsIni'. Value remains '1'
[2017.04.01-12.32.43:512][  0]LogInit: Selected Device Profile: [Windows]
[2017.04.01-12.32.43:512][  0]LogInit: Applying CVar settings loaded from the selected device profile: [Windows]
[2017.04.01-12.32.43:523][  0]LogInit: Computer: DESKTOP-53TP07T
[2017.04.01-12.32.43:523][  0]LogInit: User: SpaceVR
[2017.04.01-12.32.43:523][  0]LogInit: CPU Page size=65536, Cores=4
[2017.04.01-12.32.43:523][  0]LogInit: High frequency timer resolution =3.914058 MHz
[2017.04.01-12.32.43:523][  0]LogMemory: Memory total: Physical=16.0GB (16GB approx)
[2017.04.01-12.32.43:523][  0]LogMemory: Platform Memory Stats for Windows
[2017.04.01-12.32.43:523][  0]LogMemory: Process Physical Memory: 268.42 MB used, 268.42 MB peak
[2017.04.01-12.32.43:523][  0]LogMemory: Process Virtual Memory: 265.80 MB used, 265.80 MB peak
[2017.04.01-12.32.43:523][  0]LogMemory: Physical Memory: 7024.83 MB used,  9308.48 MB free, 16333.32 MB total
[2017.04.01-12.32.43:523][  0]LogMemory: Virtual Memory: 682.25 MB used,  9308.48 MB free, 134217728.00 MB total
[2017.04.01-12.32.43:586][  0]LogTextLocalizationManager: No specific translations for ('en-US') exist, so ('en') translations will be used.
[2017.04.01-12.32.44:103][  0]LogD3D11RHI: D3D11 adapters:
[2017.04.01-12.32.44:129][  0]LogD3D11RHI:    0. 'NVIDIA GeForce GTX 980 Ti' (Feature Level 11_0)
[2017.04.01-12.32.44:130][  0]LogD3D11RHI:       6102/0/8166 MB DedicatedVideo/DedicatedSystem/SharedSystem, Outputs:1, VendorId:0x10de
[2017.04.01-12.32.44:132][  0]LogD3D11RHI:    1. 'Microsoft Basic Render Driver' (Feature Level 11_0)
[2017.04.01-12.32.44:132][  0]LogD3D11RHI:       0/0/8166 MB DedicatedVideo/DedicatedSystem/SharedSystem, Outputs:0, VendorId:0x1414
[2017.04.01-12.32.44:132][  0]LogD3D11RHI: Chosen D3D11 Adapter: 0
[2017.04.01-12.32.44:136][  0]LogD3D11RHI: Creating new Direct3DDevice
[2017.04.01-12.32.44:136][  0]LogD3D11RHI:     GPU DeviceId: 0x17c8 (for the marketing name, search the web for "GPU Device Id")
[2017.04.01-12.32.44:136][  0]LogWindows: EnumDisplayDevices:
[2017.04.01-12.32.44:136][  0]LogWindows:    0. 'NVIDIA GeForce GTX 980 Ti' (P:1 D:1)
[2017.04.01-12.32.44:136][  0]LogWindows:    1. 'NVIDIA GeForce GTX 980 Ti' (P:0 D:0)
[2017.04.01-12.32.44:137][  0]LogWindows:    2. 'NVIDIA GeForce GTX 980 Ti' (P:0 D:0)
[2017.04.01-12.32.44:138][  0]LogWindows:    3. 'NVIDIA GeForce GTX 980 Ti' (P:0 D:0)
[2017.04.01-12.32.44:138][  0]LogWindows: DebugString: FoundDriverCount:4 
[2017.04.01-12.32.44:138][  0]LogD3D11RHI:     Adapter Name: NVIDIA GeForce GTX 980 Ti
[2017.04.01-12.32.44:138][  0]LogD3D11RHI:   Driver Version: 376.53 (internal:21.21.13.7653, unified:376.53)
[2017.04.01-12.32.44:138][  0]LogD3D11RHI:      Driver Date: 12-29-2016
[2017.04.01-12.32.44:138][  0]LogRHI: Texture pool is 1361 MB (70% of 1945 MB)
[2017.04.01-12.32.44:150][  0]LogD3D11RHI: Async texture creation enabled
[2017.04.01-12.32.44:159][  0]LogD3D11RHI: GPU Timing Frequency: 1000.000000 (Debug: 2 1)
[2017.04.01-12.32.44:207][  0]LogShaderCompilers: Guid format shader working directory is -20 characters bigger than the processId version (C:/Users/SpaceVR/Documents/GitHub/Human/HumanUnrealProject/Human_V0_1/Intermediate/Shaders/WorkingDirectory/356/).
[2017.04.01-12.32.44:207][  0]LogShaderCompilers: Cleaned the shader compiler working directory 'C:/Users/SpaceVR/AppData/Local/Temp/UnrealShaderWorkingDir/C48B11F24E6CEC9BCE7C2C8F592029E1/'.
[2017.04.01-12.32.44:207][  0]LogShaderCompilers:Display: Using Local Shader Compiler.
[2017.04.01-12.32.45:181][  0]LogTemp:Display: Loaded TP AllDesktopTargetPlatform
[2017.04.01-12.32.45:236][  0]LogTemp:Display: Loaded TP MacClientTargetPlatform
[2017.04.01-12.32.45:276][  0]LogTemp:Display: Loaded TP MacNoEditorTargetPlatform
[2017.04.01-12.32.45:319][  0]LogTemp:Display: Loaded TP MacServerTargetPlatform
[2017.04.01-12.32.45:378][  0]LogTemp:Display: Loaded TP MacTargetPlatform
[2017.04.01-12.32.45:438][  0]LogTemp:Display: Loaded TP WindowsClientTargetPlatform
[2017.04.01-12.32.45:477][  0]LogTemp:Display: Loaded TP WindowsNoEditorTargetPlatform
[2017.04.01-12.32.45:517][  0]LogTemp:Display: Loaded TP WindowsServerTargetPlatform
[2017.04.01-12.32.45:562][  0]LogTemp:Display: Loaded TP WindowsTargetPlatform
[2017.04.01-12.32.45:601][  0]LogTemp:Display: Loaded TP AndroidTargetPlatform
[2017.04.01-12.32.45:676][  0]LogTemp:Display: Loaded TP Android_ASTCTargetPlatform
[2017.04.01-12.32.45:714][  0]LogTemp:Display: Loaded TP Android_ATCTargetPlatform
[2017.04.01-12.32.45:753][  0]LogTemp:Display: Loaded TP Android_DXTTargetPlatform
[2017.04.01-12.32.45:792][  0]LogTemp:Display: Loaded TP Android_ETC1TargetPlatform
[2017.04.01-12.32.45:830][  0]LogTemp:Display: Loaded TP Android_ETC2TargetPlatform
[2017.04.01-12.32.45:909][  0]LogTemp:Display: Loaded TP Android_MultiTargetPlatform
[2017.04.01-12.32.45:909][  0]LogTemp:Display: Loaded TP Android_PVRTCTargetPlatform
[2017.04.01-12.32.45:937][  0]LogTemp:Display: Loaded TP HTML5TargetPlatform
[2017.04.01-12.32.46:012][  0]LogTemp:Display: Loaded TP IOSTargetPlatform
[2017.04.01-12.32.46:037][  0]LogTemp:Display: Loaded TP TVOSTargetPlatform
[2017.04.01-12.32.46:076][  0]LogTemp:Display: Loaded TP LinuxClientTargetPlatform
[2017.04.01-12.32.46:116][  0]LogTemp:Display: Loaded TP LinuxNoEditorTargetPlatform
[2017.04.01-12.32.46:168][  0]LogTemp:Display: Loaded TP LinuxServerTargetPlatform
[2017.04.01-12.32.46:207][  0]LogTemp:Display: Loaded TP LinuxTargetPlatform
[2017.04.01-12.32.46:207][  0]LogTargetPlatformManager:Display: Building Assets For Windows
[2017.04.01-12.32.46:632][  0]LogDerivedDataCache:Display: Max Cache Size: 512 MB
[2017.04.01-12.32.46:682][  0]LogDerivedDataCache: Loaded boot cache 0.05s 54MB C:/Users/SpaceVR/AppData/Local/UnrealEngine/4.15/DerivedDataCache/Boot.ddc.
[2017.04.01-12.32.46:683][  0]LogDerivedDataCache:Display: Loaded Boot cache: C:/Users/SpaceVR/AppData/Local/UnrealEngine/4.15/DerivedDataCache/Boot.ddc
[2017.04.01-12.32.46:683][  0]LogDerivedDataCache: FDerivedDataBackendGraph:  Pak pak cache file C:/Users/SpaceVR/Documents/GitHub/Human/HumanUnrealProject/Human_V0_1/DerivedDataCache/DDC.ddp not found, will not use a pak cache.
[2017.04.01-12.32.46:683][  0]LogDerivedDataCache: Unable to find inner node Pak for hierarchical cache Hierarchy.
[2017.04.01-12.32.46:683][  0]LogDerivedDataCache: FDerivedDataBackendGraph:  CompressedPak pak cache file C:/Users/SpaceVR/Documents/GitHub/Human/HumanUnrealProject/Human_V0_1/DerivedDataCache/Compressed.ddp not found, will not use a pak cache.
[2017.04.01-12.32.46:683][  0]LogDerivedDataCache: Unable to find inner node CompressedPak for hierarchical cache Hierarchy.
[2017.04.01-12.32.46:697][  0]LogDerivedDataCache:Display: Pak cache opened for reading ../../../Engine/DerivedDataCache/Compressed.ddp.
[2017.04.01-12.32.46:710][  0]LogDerivedDataCache: Using Local data cache path C:/Users/SpaceVR/AppData/Local/UnrealEngine/Common/DerivedDataCache: Writable
[2017.04.01-12.32.46:718][  0]LogSlate: Using Freetype 2.6.0
[2017.04.01-12.32.46:719][  0]LogSlate: SlateFontCache - WITH_FREETYPE: 1, WITH_HARFBUZZ: 1
[2017.04.01-12.32.46:719][  0]LogSlate: SlateFontCache - WITH_FREETYPE: 1, WITH_HARFBUZZ: 1
[2017.04.01-12.32.46:946][  0]LogInit: Selected Device Profile: [Windows]
[2017.04.01-12.32.46:948][  0]LogContentStreaming: Texture pool size is 0.00 MB
[2017.04.01-12.32.47:141][  0]LogMeshUtilities: Using QuadricMeshReduction for automatic static mesh reduction
[2017.04.01-12.32.47:168][  0]LogSimplygon: Simplygon DLL not present - disabling.
[2017.04.01-12.32.47:201][  0]LogMeshUtilities: Using SimplygonSwarm for distributed automatic mesh merging
[2017.04.01-12.32.47:201][  0]LogMeshUtilities: No automatic skeletal mesh reduction module available
[2017.04.01-12.32.47:201][  0]LogMeshUtilities: No automatic mesh merging module available
[2017.04.01-12.32.47:644][  0]LogNetVersion: GetLocalNetworkVersion: CL: 3299760, ProjectName: human_v0_1, ProjectVersion: , EngineNetworkVersion: 2, GameNetworkVersion: 0, NetworkChecksum: 702933844
[2017.04.01-12.32.47:681][  0]LogAssetRegistry: FAssetRegistry took 0.0219 seconds to start up
[2017.04.01-12.32.47:729][  0]LogPackageLocalizationCache: Processed 3 localized package path(s) for 2 prioritized culture(s) in 0.032585 seconds
[2017.04.01-12.32.47:733][  0]LogUObjectArray: 32493 objects as part of root set at end of initial load.
[2017.04.01-12.32.47:733][  0]LogUObjectAllocator: 7077032 out of 0 bytes used by permanent object pool.
[2017.04.01-12.32.47:733][  0]LogUObjectArray: CloseDisregardForGC: 0/0 objects in disregard for GC pool
[2017.04.01-12.32.47:768][  0]LogInit: WinSock: version 1.1 (2.2), MaxSocks=32767, MaxUdp=65467
[2017.04.01-12.32.49:187][  0]LogTcpMessaging: Initializing TcpMessaging bridge
[2017.04.01-12.32.49:218][  0]LogUdpMessaging: Initializing bridge on interface 0.0.0.0:0 to multicast group 230.0.0.1:6666.
[2017.04.01-12.32.49:570][  0]LogMaterial: Uniform references updated for custom material expression Custom.
[2017.04.01-12.32.49:853][  0]SourceControl: Info Source control is disabled
[2017.04.01-12.32.49:855][  0]SourceControl: Info Source control is disabled
[2017.04.01-12.32.49:888][  0]SourceControl: Info Source control is disabled
[2017.04.01-12.32.49:921][  0]SourceControl: Info Source control is disabled
[2017.04.01-12.32.50:799][  0]LogEngine: Initializing Engine...
[2017.04.01-12.32.50:828][  0]LogHMD: Failed to initialize OpenVR with code 108
[2017.04.01-12.32.50:828][  0]LogHMD: Oculus plugin initialized. Version: 4.15.1-3348071+++UE4+Release-4.15, LibOVR: 1.12.0, SDK: 1.10.0, built Mar 15 2017, 16:59:09
[2017.04.01-12.32.51:012][  0]LogAIModule: Creating AISystem for world Untitled
[2017.04.01-12.32.51:086][  0]LogInit: XAudio2 using 'NS-48D510NA17-C (NVIDIA High Definition Audio)' : 2 channels at 48 kHz using 16 bits per sample (channel mask 0x3)
[2017.04.01-12.32.51:121][  0]LogInit: FAudioDevice initialized.
[2017.04.01-12.32.51:150][  0]LogDerivedDataCache: Saved boot cache 0.03s 61MB C:/Users/SpaceVR/AppData/Local/UnrealEngine/4.15/DerivedDataCache/Boot.ddc.
[2017.04.01-12.32.51:162][  0]LogInit: Texture streaming: Enabled
[2017.04.01-12.32.51:220][  0]LogEngineSessionManager: EngineSessionManager initialized
[2017.04.01-12.32.51:283][  0]LogInit: Transaction tracking system initialized
[2017.04.01-12.32.51:516][  0]BlueprintLog: New page: Editor Load
[2017.04.01-12.32.52:155][  0]LocalizationService: Info Localization service is disabled
[2017.04.01-12.32.52:601][  0]LogConsoleResponse:Display: 
[2017.04.01-12.32.52:702][  0]LogCook:Display: Max memory allowance for cook 16384mb min free memory 0mb
[2017.04.01-12.32.52:702][  0]LogCook:Display: Mobile HDR setting 1
[2017.04.01-12.32.53:384][  0]LogFileCache: Scanning file cache for directory 'C:/Users/SpaceVR/Documents/GitHub/Human/HumanUnrealProject/Human_V0_1/Content/' took 0.02s
[2017.04.01-12.32.53:413][  0]SourceControl: Info Source control is disabled
[2017.04.01-12.32.53:413][  0]Cmd: MAP LOAD FILE="C:/Users/SpaceVR/Documents/GitHub/Human/HumanUnrealProject/Human_V0_1/Content/VirtualRealityBP/Maps/StartupMap.umap" TEMPLATE=0 SHOWPROGRESS=1 FEATURELEVEL=3
[2017.04.01-12.32.53:414][  0]LightingResults: New page: Lighting Build
[2017.04.01-12.32.53:439][  0]MapCheck: New page: Map Check
[2017.04.01-12.32.53:439][  0]LightingResults: New page: Lighting Build
[2017.04.01-12.32.53:535][  0]LogAIModule: Creating AISystem for world StartupMap
[2017.04.01-12.32.53:555][  0]LogEditorServer: Finished looking for orphan Actors (0.000 secs)
[2017.04.01-12.32.53:556][  0]Cmd: MAP CHECKDEP NOCLEARLOG
[2017.04.01-12.32.53:607][  0]MapCheck: Info Map check complete: 0 Error(s), 0 Warning(s), took 50.961ms to complete.
[2017.04.01-12.32.53:607][  0]LogFileHelpers: Loading map 'StartupMap' took 0.194
[2017.04.01-12.32.53:749][  0]LogCollectionManager: Loaded 0 collections in 0.000832 seconds
[2017.04.01-12.32.53:816][  0]LogFileCache: Scanning file cache for directory 'C:/Users/SpaceVR/Documents/GitHub/Human/HumanUnrealProject/Human_V0_1/Saved/Collections/' took 0.01s
[2017.04.01-12.32.53:816][  0]LogFileCache: Scanning file cache for directory 'C:/Users/SpaceVR/Documents/GitHub/Human/HumanUnrealProject/Human_V0_1/Content/Developers/SpaceVR/Collections/' took 0.01s
[2017.04.01-12.32.53:816][  0]LogFileCache: Scanning file cache for directory 'C:/Users/SpaceVR/Documents/GitHub/Human/HumanUnrealProject/Human_V0_1/Content/Collections/' took 0.01s
[2017.04.01-12.32.53:816][  0]LogCollectionManager: Rebuilt the GUID cache for 0 collections in 0.000001 seconds
[2017.04.01-12.32.53:823][  0]LogContentBrowser: Native class hierarchy populated in 0.0065 seconds. Added 2245 classes and 453 folders.
[2017.04.01-12.32.53:825][  0]LogStats: UGameplayTagsManager::ConstructGameplayTagTree: Construct from data asset -  0.000 s
[2017.04.01-12.32.53:825][  0]LogStats: UGameplayTagsManager::ConstructGameplayTagTree: GameplayTagTreeChangedEvent.Broadcast -  0.000 s
[2017.04.01-12.32.53:865][  0]LogContentBrowser: Native class hierarchy updated for 'WidgetCarousel' in 0.0006 seconds. Added 0 classes and 0 folders.
[2017.04.01-12.32.53:912][  0]LogContentBrowser: Native class hierarchy updated for 'AddContentDialog' in 0.0006 seconds. Added 0 classes and 0 folders.
[2017.04.01-12.32.53:941][  0]LogContentBrowser: Native class hierarchy updated for 'SceneOutliner' in 0.0006 seconds. Added 1 classes and 2 folders.
[2017.04.01-12.32.53:976][  0]LogCrashTracker: Crashtracker disabled due to settings.
[2017.04.01-12.32.54:048][  0]LogContentBrowser: Native class hierarchy updated for 'HierarchicalLODOutliner' in 0.0006 seconds. Added 1 classes and 2 folders.
[2017.04.01-12.32.54:048][  0]LogLoad: (Engine Initialization) Total time: 13.02 seconds
[2017.04.01-12.32.54:048][  0]LogLoad: (Engine Initialization) Total Blueprint compile time: 0.03 seconds
[2017.04.01-12.32.54:048][  0]LogExternalProfiler: Found external profiler: VSPerf
[2017.04.01-12.32.54:048][  0]LogExternalProfiler: Using external profiler: VSPerf
[2017.04.01-12.32.54:388][  0]LogOcInput: OculusInput pre-init called
[2017.04.01-12.32.54:403][  0]LogOcInput: OculusInput is initialized. Init status 0. Runtime version: 1.12.0
[2017.04.01-12.32.54:416][  0]LogAssetRegistry: Asset discovery search completed in 6.7578 seconds
[2017.04.01-12.32.54:416][  0]LogCollectionManager: Rebuilt the object cache for 0 collections in 0.000003 seconds (found 0 objects)
[2017.04.01-12.32.54:416][  0]LogCollectionManager: Fixed up redirectors for 0 collections in 0.000013 seconds (updated 0 objects)
[2017.04.01-12.32.54:420][  0]LogContentStreaming: Texture pool size now 1000 MB
[2017.04.01-12.32.54:427][  0]LogSlate: Took 0.000187 seconds to synchronously load lazily loaded font '../../../Engine/Content/Slate/Fonts/Roboto-Regular.ttf' (155K)
[2017.04.01-12.32.54:429][  0]LogSlate: Took 0.000230 seconds to synchronously load lazily loaded font '../../../Engine/Content/Slate/Fonts/Roboto-Bold.ttf' (160K)
[2017.04.01-12.32.54:433][  0]LogSlate: Took 0.000205 seconds to synchronously load lazily loaded font '../../../Engine/Content/Editor/Slate/Fonts/FontAwesome.ttf' (139K)
[2017.04.01-12.32.54:511][  0]LogSlate: Took 0.000238 seconds to synchronously load lazily loaded font '../../../Engine/Content/Slate/Fonts/Roboto-Light.ttf' (159K)
[2017.04.01-12.32.54:550][  0]LogRenderer: Reallocating scene render targets to support 604x340 NumSamples 1 (Frame:2).
[2017.04.01-12.32.58:053][ 12]OCULUS: Debug: [Client] Disconnected
[2017.04.01-12.33.13:014][295]LogEditorViewport: Clicking on Actor (LMB): ExponentialHeightFog (ExponentialHeightFog)
[2017.04.01-12.33.13:915][399]LogEditorViewport: Clicking Background
[2017.04.01-12.33.14:657][488]LogEditorViewport: Clicking on Actor (LMB): ExponentialHeightFog (ExponentialHeightFog)
[2017.04.01-12.33.16:788][741]LogEditorViewport: Clicking on Actor (LMB): AmbientSound (AmbientSound)
[2017.04.01-12.33.17:628][838]LogEditorViewport: Clicking on Actor (LMB): Character (Character)
[2017.04.01-12.34.27:991][ 93]SourceControl: Info On branch master
[2017.04.01-12.34.27:991][ 93]SourceControl: Info Your branch is behind 'origin/master' by 2 commits, and can be fast-forwarded.
[2017.04.01-12.34.27:991][ 93]SourceControl: Info   (use "git pull" to update your local branch)
[2017.04.01-12.34.27:991][ 93]SourceControl: Info Changes not staged for commit:
[2017.04.01-12.34.27:991][ 93]SourceControl: Info   (use "git add <file>..." to update what will be committed)
[2017.04.01-12.34.27:991][ 93]SourceControl: Info   (use "git checkout -- <file>..." to discard changes in working directory)
[2017.04.01-12.34.27:991][ 93]SourceControl: Info 	modified:   HumanUnityProject/.vs/HumanUnityProject/v14/.suo
[2017.04.01-12.34.27:991][ 93]SourceControl: Info 	modified:   HumanUnityProject/Assets/HMD_Camera_Main.cs
[2017.04.01-12.34.27:991][ 93]SourceControl: Info 	modified:   HumanUnityProject/Assets/Human_v0_1.unity
[2017.04.01-12.34.27:991][ 93]SourceControl: Info 	modified:   HumanUnityProject/Assets/Main.cs
[2017.04.01-12.34.27:991][ 93]SourceControl: Info 	modified:   HumanUnityProject/HumanUnityProject.Editor.csproj
[2017.04.01-12.34.27:991][ 93]SourceControl: Info 	modified:   HumanUnityProject/HumanUnityProject.csproj
[2017.04.01-12.34.27:991][ 93]SourceControl: Info 	modified:   HumanUnityProject/Library/Collab/CollabSnapshot_78908c6f-08c1-4b7a-b794-aaf4dd89681e.txt
[2017.04.01-12.34.27:991][ 93]SourceControl: Info 	modified:   HumanUnityProject/Library/CurrentLayout.dwlt
[2017.04.01-12.34.27:991][ 93]SourceControl: Info 	modified:   HumanUnityProject/Library/ScriptAssemblies/Assembly-CSharp.dll.mdb
[2017.04.01-12.34.27:991][ 93]SourceControl: Info 	modified:   HumanUnityProject/Library/UnityAssemblies/UnityEditor.Advertisements.dll
[2017.04.01-12.34.27:991][ 93]SourceControl: Info 	modified:   HumanUnityProject/Library/UnityAssemblies/UnityEditor.Analytics.dll
[2017.04.01-12.34.27:991][ 93]SourceControl: Info 	modified:   HumanUnityProject/Library/UnityAssemblies/UnityEditor.EditorTestsRunner.dll
[2017.04.01-12.34.27:991][ 93]SourceControl: Info 	modified:   HumanUnityProject/Library/UnityAssemblies/UnityEditor.Graphs.dll
[2017.04.01-12.34.27:991][ 93]SourceControl: Info 	modified:   HumanUnityProject/Library/UnityAssemblies/UnityEditor.HoloLens.dll
[2017.04.01-12.34.27:991][ 93]SourceControl: Info 	modified:   HumanUnityProject/Library/UnityAssemblies/UnityEditor.Networking.dll
[2017.04.01-12.34.27:991][ 93]SourceControl: Info 	modified:   HumanUnityProject/Library/UnityAssemblies/UnityEditor.PlaymodeTestsRunner.dll
[2017.04.01-12.34.27:991][ 93]SourceControl: Info 	modified:   HumanUnityProject/Library/UnityAssemblies/UnityEditor.TreeEditor.dll
[2017.04.01-12.34.27:991][ 93]SourceControl: Info 	modified:   HumanUnityProject/Library/UnityAssemblies/UnityEditor.UI.dll
[2017.04.01-12.34.27:991][ 93]SourceControl: Info 	modified:   HumanUnityProject/Library/UnityAssemblies/UnityEditor.VR.dll
[2017.04.01-12.34.27:991][ 93]SourceControl: Info 	modified:   HumanUnityProject/Library/UnityAssemblies/UnityEditor.WindowsStandalone.Extensions.dll
[2017.04.01-12.34.27:991][ 93]SourceControl: Info 	modified:   HumanUnityProject/Library/UnityAssemblies/version.txt
[2017.04.01-12.34.27:991][ 93]SourceControl: Info 	modified:   HumanUnityProject/Library/assetDatabase3
[2017.04.01-12.34.27:991][ 93]SourceControl: Info 	modified:   HumanUnityProject/Library/metadata/12/12fd8a0055b84bb59e84c9835a37e333
[2017.04.01-12.34.27:991][ 93]SourceControl: Info 	modified:   HumanUnityProject/Library/metadata/15/15f3a6f72acd7164c9ac19520266890e
[2017.04.01-12.34.27:991][ 93]SourceControl: Info 	modified:   HumanUnityProject/Library/metadata/1c/1c6d1fbb51834b64847b1b73a75bfc77
[2017.04.01-12.34.27:991][ 93]SourceControl: Info 	modified:   HumanUnityProject/Library/metadata/30/307433eba81a469ab1e2084d52d1a5a2
[2017.04.01-12.34.27:991][ 93]SourceControl: Info 	modified:   HumanUnityProject/Library/metadata/3c/3c0ad459c1534645b5d603b7cc258f97
[2017.04.01-12.34.27:991][ 93]SourceControl: Info 	modified:   HumanUnityProject/Library/metadata/41/4113173d5e95493ab8765d7b08371de4
[2017.04.01-12.34.27:991][ 93]SourceControl: Info 	modified:   HumanUnityProject/Library/metadata/4b/4ba2329b63d54f0187bcaa12486b1b0f
[2017.04.01-12.34.27:991][ 93]SourceControl: Info 	modified:   HumanUnityProject/Library/metadata/52/52a206b72a8f4f749c28d8b18b42dd19
[2017.04.01-12.34.27:991][ 93]SourceControl: Info 	modified:   HumanUnityProject/Library/metadata/53/53ebcfaa2e1e4e2dbc85882cd5a73fa1
[2017.04.01-12.34.27:991][ 93]SourceControl: Info 	modified:   HumanUnityProject/Library/metadata/5f/5f32cd94baa94578a686d4b9d6b660f7
[2017.04.01-12.34.27:991][ 93]SourceControl: Info 	modified:   HumanUnityProject/Library/metadata/67/67e9dad5654047ebbe623cce9dbf7b38
[2017.04.01-12.34.27:991][ 93]SourceControl: Info 	modified:   HumanUnityProject/Library/metadata/6c/6cdf1e5c78d14720aaadccd4c792df96
[2017.04.01-12.34.27:991][ 93]SourceControl: Info 	modified:   HumanUnityProject/Library/metadata/73/739bbd9f364b4268874f9fd86ab3beef
[2017.04.01-12.34.27:991][ 93]SourceControl: Info 	modified:   HumanUnityProject/Library/metadata/7c/7cbab2be89b54486bbd23a6fe637d30e
[2017.04.01-12.34.27:991][ 93]SourceControl: Info 	modified:   HumanUnityProject/Library/metadata/80/80a3616ca19596e4da0f10f14d241e9f
[2017.04.01-12.34.27:991][ 93]SourceControl: Info 	modified:   HumanUnityProject/Library/metadata/85/852e56802eb941638acbb491814497b0
[2017.04.01-12.34.27:991][ 93]SourceControl: Info 	modified:   HumanUnityProject/Library/metadata/86/86f4de9468454445ac2f39e207fafa3a
[2017.04.01-12.34.27:991][ 93]SourceControl: Info 	modified:   HumanUnityProject/Library/metadata/87/870353891bb340e2b2a9c8707e7419ba
[2017.04.01-12.34.27:991][ 93]SourceControl: Info 	modified:   HumanUnityProject/Library/metadata/88/8835ef5346ba5104c9c487cc11478a39
[2017.04.01-12.34.27:991][ 93]SourceControl: Info 	modified:   HumanUnityProject/Library/metadata/8e/8e0cd8ed44d4412cbe0642067abc9e44
[2017.04.01-12.34.27:991][ 93]SourceControl: Info 	modified:   HumanUnityProject/Library/metadata/97/97decbdab0634cdd991f8d23ddf0dead
[2017.04.01-12.34.27:991][ 93]SourceControl: Info 	modified:   HumanUnityProject/Library/metadata/ad/adebbd281f1a4ef3a30be7f21937e02f
[2017.04.01-12.34.27:991][ 93]SourceControl: Info 	modified:   HumanUnityProject/Library/metadata/dc/dc443db3e92b4983b9738c1131f555cb
[2017.04.01-12.34.27:991][ 93]SourceControl: Info 	modified:   HumanUnityProject/Library/metadata/f4/f48df919adea4fa095a7407e773e5aa4
[2017.04.01-12.34.27:991][ 93]SourceControl: Info 	modified:   HumanUnityProject/Library/metadata/f5/f5f67c52d1564df4a8936ccd202a3bd8
[2017.04.01-12.34.27:991][ 93]SourceControl: Info 	modified:   HumanUnityProject/Library/metadata/f7/f70555f144d8491a825f0804e09c671c
[2017.04.01-12.34.27:991][ 93]SourceControl: Info 	modified:   HumanUnityProject/Library/metadata/f7/f7b54ff4a43d4fcf81b4538b678e0bcc
[2017.04.01-12.34.27:991][ 93]SourceControl: Info 	modified:   HumanUnityProject/Library/shadercompiler-UnityShaderCompiler.exe0.log
[2017.04.01-12.34.27:991][ 93]SourceControl: Info Untracked files:
[2017.04.01-12.34.27:991][ 93]SourceControl: Info   (use "git add <file>..." to include in what will be committed)
[2017.04.01-12.34.27:991][ 93]SourceControl: Info 	HumanUnityProject/Library/UnityAssemblies/UnityEngine.Advertisements.dll
[2017.04.01-12.34.27:991][ 93]SourceControl: Info 	HumanUnityProject/Library/UnityAssemblies/UnityEngine.Advertisements.xml
[2017.04.01-12.34.27:991][ 93]SourceControl: Info 	HumanUnrealProject/
[2017.04.01-12.34.27:991][ 93]SourceControl: Info no changes added to commit (use "git add" and/or "git commit -a")
[2017.04.01-12.34.33:735][702]SourceControl: Info fatal: D:/ProgramFiles/Epic Games/UE_4.15/Engine/Content/: 'D:/ProgramFiles/Epic Games/UE_4.15/Engine/Content/' is outside repository
[2017.04.01-12.34.33:869][702]LogPackageName:Error: Illegal call to DoesPackageExist: 'C:/Users/SpaceVR/Documents/GitHub/Human/HumanUnrealProject/Human_V0_1/Human_V0_1.uproject' is not a standard unreal filename or a long path name. Reason: Path should be no less than 4 characters long.
[2017.04.01-12.34.34:040][702]LogStats: FPlatformStackWalk::StackWalkAndDump -  0.171 s
[2017.04.01-12.34.34:040][702]LogOutputDevice:Error: === Handled ensure: ===
[2017.04.01-12.34.34:040][702]LogOutputDevice:Error: 
[2017.04.01-12.34.34:040][702]LogOutputDevice:Error: Ensure condition failed: false [File:D:\Build\++UE4+Release-4.15+Compile\Sync\Engine\Source\Runtime\CoreUObject\Private\Misc\PackageName.cpp] [Line: 650]
[2017.04.01-12.34.34:040][702]LogOutputDevice:Error: Illegal call to DoesPackageExist: 'C:/Users/SpaceVR/Documents/GitHub/Human/HumanUnrealProject/Human_V0_1/Human_V0_1.uproject' is not a standard unreal filename or a long path name. Reason: Path should be no less than 4 characters long.
[2017.04.01-12.34.34:040][702]LogOutputDevice:Error: Stack: 
[2017.04.01-12.34.34:040][702]LogOutputDevice:Error: UE4Editor-Core.dll!0x000000005A4A95E6
[2017.04.01-12.34.34:040][702]LogOutputDevice:Error: UE4Editor-Core.dll!0x000000005A259B82
[2017.04.01-12.34.34:040][702]LogOutputDevice:Error: UE4Editor-Core.dll!0x000000005A26B666
[2017.04.01-12.34.34:040][702]LogOutputDevice:Error: UE4Editor-CoreUObject.dll!0x000000005764A6B8
[2017.04.01-12.34.34:040][702]LogOutputDevice:Error: UE4Editor-SourceControl.dll!0x0000000061AA3D22
[2017.04.01-12.34.34:040][702]LogOutputDevice:Error: UE4Editor-SourceControl.dll!0x0000000061AA3EB9
[2017.04.01-12.34.34:040][702]LogOutputDevice:Error: UE4Editor-SourceControlWindows.dll!0x0000000043601D2E
[2017.04.01-12.34.34:040][702]LogOutputDevice:Error: UE4Editor-SourceControlWindows.dll!0x00000000435BB4B5
[2017.04.01-12.34.34:040][702]LogOutputDevice:Error: UE4Editor-SourceControlWindows.dll!0x00000000435BAA8D
[2017.04.01-12.34.34:040][702]LogOutputDevice:Error: UE4Editor-SourceControlWindows.dll!0x00000000435CF274
[2017.04.01-12.34.34:040][702]LogOutputDevice:Error: UE4Editor-GitSourceControl.dll!0x000000003A42B851
[2017.04.01-12.34.34:040][702]LogOutputDevice:Error: UE4Editor-GitSourceControl.dll!0x000000003A43D1ED
[2017.04.01-12.34.34:040][702]LogOutputDevice:Error: UE4Editor-SourceControl.dll!0x0000000061AA9C5C
[2017.04.01-12.34.34:040][702]LogOutputDevice:Error: UE4Editor-UnrealEd.dll!0x0000000046E87517
[2017.04.01-12.34.34:040][702]LogOutputDevice:Error: UE4Editor-UnrealEd.dll!0x0000000047692086
[2017.04.01-12.34.34:040][702]LogOutputDevice:Error: UE4Editor.exe!0x00000000DAD1DEE3
[2017.04.01-12.34.34:040][702]LogOutputDevice:Error: UE4Editor.exe!0x00000000DAD0EB40
[2017.04.01-12.34.34:040][702]LogOutputDevice:Error: UE4Editor.exe!0x00000000DAD0EBBA
[2017.04.01-12.34.34:040][702]LogOutputDevice:Error: UE4Editor.exe!0x00000000DAD20A29
[2017.04.01-12.34.34:040][702]LogOutputDevice:Error: UE4Editor.exe!0x00000000DAD222B6
[2017.04.01-12.34.34:040][702]LogOutputDevice:Error: KERNEL32.DLL!0x0000000090628364
[2017.04.01-12.34.34:040][702]LogOutputDevice:Error: ntdll.dll!0x0000000090B570D1
[2017.04.01-12.34.34:040][702]LogOutputDevice:Error: 
[2017.04.01-12.34.34:049][702]LogStats:                SubmitErrorReport -  0.000 s
[2017.04.01-12.34.37:686][702]LogStats:                    SendNewReport -  3.638 s
[2017.04.01-12.34.37:686][702]LogStats:             FDebug::EnsureFailed -  3.817 s
[2017.04.01-12.35.08:712][702]LogSourceControl: FGitCheckInWorker: commit successful
[2017.04.01-12.35.08:840][702]SourceControl: Info [master 8b28b2e] Initial commit of Unreal VR Template
[2017.04.01-12.35.08:840][702]SourceControl: Info  1 file changed, 10 insertions(+)
[2017.04.01-12.35.08:840][702]SourceControl: Info  create mode 100644 HumanUnrealProject/Human_V0_1/Human_V0_1.uproject
[2017.04.01-12.35.08:845][702]SourceControl: Info Commited [master 8b28b2e] Initial commit of Unreal VR Template.
[2017.04.01-12.51.56:611][853]Cmd: QUIT_EDITOR
[2017.04.01-12.51.56:643][853]LogWindowsTextInputMethodSystem:Display: IME system now deactivated.
[2017.04.01-12.51.56:662][853]LogExit: Preparing to exit.
[2017.04.01-12.51.57:516][853]LogExit: Editor shut down
[2017.04.01-12.51.57:516][853]LogExit: Transaction tracking system shut down
[2017.04.01-12.51.57:550][853]LogObj: Freed 0b from 0 cluster array pools.
[2017.04.01-12.51.57:550][853]LogExit: Object subsystem successfully closed.
[2017.04.01-12.51.57:570][853]LogD3D11RHI: Shutdown
[2017.04.01-12.51.57:570][853]LogD3D11RHI: CleanupD3DDevice
[2017.04.01-12.51.57:609][853]LogD3D11RHI: ~FD3D11DynamicRHI
[2017.04.01-12.51.57:614][853]LogModuleManager: Shutting down and abandoning module HierarchicalLODOutliner (498)
[2017.04.01-12.51.57:614][853]LogModuleManager: Shutting down and abandoning module CrashTracker (496)
[2017.04.01-12.51.57:614][853]LogModuleManager: Shutting down and abandoning module SceneOutliner (494)
[2017.04.01-12.51.57:614][853]LogModuleManager: Shutting down and abandoning module AddContentDialog (492)
[2017.04.01-12.51.57:614][853]LogDirectoryWatcher: A directory notification for 'D:/ProgramFiles/Epic Games/UE_4.15/FeaturePacks/' was aborted.
[2017.04.01-12.51.57:615][853]LogModuleManager: Shutting down and abandoning module WidgetCarousel (491)
[2017.04.01-12.51.57:615][853]LogModuleManager: Shutting down and abandoning module EditorWidgets (488)
[2017.04.01-12.51.57:615][853]LogModuleManager: Shutting down and abandoning module CollectionManager (486)
[2017.04.01-12.51.57:615][853]LogDirectoryWatcher: A directory notification for 'C:/Users/SpaceVR/Documents/GitHub/Human/HumanUnrealProject/Human_V0_1/Content/Collections/' was aborted.
[2017.04.01-12.51.57:615][853]LogDirectoryWatcher: A directory notification for 'C:/Users/SpaceVR/Documents/GitHub/Human/HumanUnrealProject/Human_V0_1/Content/Developers/SpaceVR/Collections/' was aborted.
[2017.04.01-12.51.57:615][853]LogDirectoryWatcher: A directory notification for 'C:/Users/SpaceVR/Documents/GitHub/Human/HumanUnrealProject/Human_V0_1/Saved/Collections/' was aborted.
[2017.04.01-12.51.57:615][853]LogModuleManager: Shutting down and abandoning module StatsViewer (484)
[2017.04.01-12.51.57:615][853]LogModuleManager: Shutting down and abandoning module FoliageEdit (482)
[2017.04.01-12.51.57:615][853]LogModuleManager: Shutting down and abandoning module LandscapeEditor (480)
[2017.04.01-12.51.57:615][853]LogModuleManager: Shutting down and abandoning module SceneDepthPickerMode (478)
[2017.04.01-12.51.57:615][853]LogModuleManager: Shutting down and abandoning module ActorPickerMode (476)
[2017.04.01-12.51.57:615][853]LogModuleManager: Shutting down and abandoning module GeometryMode (474)
[2017.04.01-12.51.57:615][853]LogModuleManager: Shutting down and abandoning module TextureAlignMode (472)
[2017.04.01-12.51.57:615][853]LogModuleManager: Shutting down and abandoning module BspMode (470)
[2017.04.01-12.51.57:615][853]LogModuleManager: Shutting down and abandoning module HardwareSurvey (468)
[2017.04.01-12.51.57:615][853]LogModuleManager: Shutting down and abandoning module SequenceRecorderSections (466)
[2017.04.01-12.51.57:615][853]LogModuleManager: Shutting down and abandoning module AutomationWorker (464)
[2017.04.01-12.51.57:615][853]LogModuleManager: Shutting down and abandoning module MatineeToLevelSequence (462)
[2017.04.01-12.51.57:615][853]LogModuleManager: Shutting down and abandoning module LevelSequenceEditor (460)
[2017.04.01-12.51.57:615][853]LogModuleManager: Shutting down and abandoning module PlacementMode (459)
[2017.04.01-12.51.57:615][853]LogModuleManager: Shutting down and abandoning module WmfMediaFactory (456)
[2017.04.01-12.51.57:615][853]LogModuleManager: Shutting down and abandoning module WmfMediaEditor (454)
[2017.04.01-12.51.57:615][853]LogModuleManager: Shutting down and abandoning module MfMediaFactory (452)
[2017.04.01-12.51.57:615][853]LogModuleManager: Shutting down and abandoning module MfMediaEditor (450)
[2017.04.01-12.51.57:615][853]LogModuleManager: Shutting down and abandoning module AvfMediaFactory (448)
[2017.04.01-12.51.57:615][853]LogModuleManager: Shutting down and abandoning module AvfMediaEditor (446)
[2017.04.01-12.51.57:615][853]LogModuleManager: Shutting down and abandoning module AndroidMediaFactory (444)
[2017.04.01-12.51.57:615][853]LogModuleManager: Shutting down and abandoning module Media (443)
[2017.04.01-12.51.57:615][853]LogModuleManager: Shutting down and abandoning module AndroidMediaEditor (440)
[2017.04.01-12.51.57:615][853]LogModuleManager: Shutting down and abandoning module CharacterAI (438)
[2017.04.01-12.51.57:615][853]LogModuleManager: Shutting down and abandoning module AudioCapture (436)
[2017.04.01-12.51.57:615][853]LogModuleManager: Shutting down and abandoning module SequenceRecorder (435)
[2017.04.01-12.51.57:615][853]LogModuleManager: Shutting down and abandoning module SmartSnapping (432)
[2017.04.01-12.51.57:616][853]LogModuleManager: Shutting down and abandoning module SessionServices (430)
[2017.04.01-12.51.57:616][853]LogModuleManager: Shutting down and abandoning module ViewportSnapping (428)
[2017.04.01-12.51.57:616][853]LogModuleManager: Shutting down and abandoning module ViewportInteraction (426)
[2017.04.01-12.51.57:616][853]LogModuleManager: Shutting down and abandoning module LogVisualizer (424)
[2017.04.01-12.51.57:616][853]LogModuleManager: Shutting down and abandoning module IntroTutorials (422)
[2017.04.01-12.51.57:616][853]LogModuleManager: Shutting down and abandoning module GameProjectGeneration (421)
[2017.04.01-12.51.57:616][853]LogModuleManager: Shutting down and abandoning module EditorLiveStreaming (418)
[2017.04.01-12.51.57:616][853]LogModuleManager: Shutting down and abandoning module IOSPlatformEditor (416)
[2017.04.01-12.51.57:616][853]LogModuleManager: Shutting down and abandoning module HTML5PlatformEditor (414)
[2017.04.01-12.51.57:616][853]LogModuleManager: Shutting down and abandoning module AndroidPlatformEditor (412)
[2017.04.01-12.51.57:616][853]LogModuleManager: Shutting down and abandoning module AndroidDeviceDetection (411)
[2017.04.01-12.51.58:428][853]LogModuleManager: Shutting down and abandoning module IOSRuntimeSettings (408)
[2017.04.01-12.51.58:428][853]LogModuleManager: Shutting down and abandoning module AndroidRuntimeSettings (406)
[2017.04.01-12.51.58:428][853]LogModuleManager: Shutting down and abandoning module InputBindingEditor (404)
[2017.04.01-12.51.58:428][853]LogModuleManager: Shutting down and abandoning module NiagaraEditor (402)
[2017.04.01-12.51.58:428][853]LogModuleManager: Shutting down and abandoning module MergeActors (400)
[2017.04.01-12.51.58:428][853]LogModuleManager: Shutting down and abandoning module SizeMap (398)
[2017.04.01-12.51.58:428][853]LogModuleManager: Shutting down and abandoning module TreeMap (396)
[2017.04.01-12.51.58:428][853]LogModuleManager: Shutting down and abandoning module ReferenceViewer (394)
[2017.04.01-12.51.58:428][853]LogModuleManager: Shutting down and abandoning module LocalizationDashboard (392)
[2017.04.01-12.51.58:428][853]LogModuleManager: Shutting down and abandoning module LocalizationService (391)
[2017.04.01-12.51.58:428][853]LogModuleManager: Shutting down and abandoning module HardwareTargeting (388)
[2017.04.01-12.51.58:428][853]LogModuleManager: Shutting down and abandoning module DeviceProfileEditor (386)
[2017.04.01-12.51.58:428][853]LogModuleManager: Shutting down and abandoning module UndoHistory (384)
[2017.04.01-12.51.58:428][853]LogModuleManager: Shutting down and abandoning module UserFeedback (382)
[2017.04.01-12.51.58:428][853]LogModuleManager: Shutting down and abandoning module XmlParser (380)
[2017.04.01-12.51.58:428][853]LogModuleManager: Shutting down and abandoning module Blutility (378)
[2017.04.01-12.51.58:428][853]LogModuleManager: Shutting down and abandoning module ProjectSettingsViewer (376)
[2017.04.01-12.51.58:428][853]LogModuleManager: Shutting down and abandoning module ProjectTargetPlatformEditor (375)
[2017.04.01-12.51.58:428][853]LogModuleManager: Shutting down and abandoning module EditorSettingsViewer (372)
[2017.04.01-12.51.58:428][853]LogModuleManager: Shutting down and abandoning module SettingsEditor (370)
[2017.04.01-12.51.58:428][853]LogModuleManager: Shutting down and abandoning module ProjectLauncher (368)
[2017.04.01-12.51.58:428][853]LogModuleManager: Shutting down and abandoning module SessionFrontend (366)
[2017.04.01-12.51.58:428][853]LogModuleManager: Shutting down and abandoning module ProfilerClient (364)
[2017.04.01-12.51.58:428][853]LogModuleManager: Shutting down and abandoning module DeviceManager (362)
[2017.04.01-12.51.58:429][853]LogModuleManager: Shutting down and abandoning module TargetDeviceServices (361)
[2017.04.01-12.51.58:482][853]LogModuleManager: Shutting down and abandoning module AutomationController (358)
[2017.04.01-12.51.58:482][853]LogModuleManager: Shutting down and abandoning module AutomationWindow (356)
[2017.04.01-12.51.58:482][853]LogModuleManager: Shutting down and abandoning module Layers (354)
[2017.04.01-12.51.58:482][853]LogModuleManager: Shutting down and abandoning module ComponentVisualizers (352)
[2017.04.01-12.51.58:482][853]LogModuleManager: Shutting down and abandoning module DetailCustomizations (350)
[2017.04.01-12.51.58:482][853]LogModuleManager: Shutting down and abandoning module PackagesDialog (348)
[2017.04.01-12.51.58:482][853]LogModuleManager: Shutting down and abandoning module Persona (346)
[2017.04.01-12.51.58:482][853]LogModuleManager: Shutting down and abandoning module AnimGraph (345)
[2017.04.01-12.51.58:482][853]LogModuleManager: Shutting down and abandoning module Kismet (342)
[2017.04.01-12.51.58:482][853]LogModuleManager: Shutting down and abandoning module GraphEditor (340)
[2017.04.01-12.51.58:482][853]LogModuleManager: Shutting down and abandoning module ClassViewer (338)
[2017.04.01-12.51.58:482][853]LogModuleManager: Shutting down and abandoning module Toolbox (336)
[2017.04.01-12.51.58:482][853]LogModuleManager: Shutting down and abandoning module ModuleUI (334)
[2017.04.01-12.51.58:482][853]LogModuleManager: Shutting down and abandoning module MovieSceneTools (332)
[2017.04.01-12.51.58:482][853]LogModuleManager: Shutting down and abandoning module OutputLog (330)
[2017.04.01-12.51.58:482][853]LogModuleManager: Shutting down and abandoning module GammaUI (328)
[2017.04.01-12.51.58:482][853]LogModuleManager: Shutting down and abandoning module Documentation (326)
[2017.04.01-12.51.58:482][853]LogModuleManager: Shutting down and abandoning module Niagara (324)
[2017.04.01-12.51.58:482][853]LogModuleManager: Shutting down and abandoning module StreamingPauseRendering (322)
[2017.04.01-12.51.58:482][853]LogModuleManager: Shutting down and abandoning module AnalyticsET (320)
[2017.04.01-12.51.58:482][853]LogModuleManager: Shutting down and abandoning module PortalServices (318)
[2017.04.01-12.51.58:482][853]LogModuleManager: Shutting down and abandoning module PortalRpc (316)
[2017.04.01-12.51.58:482][853]LogModuleManager: Shutting down and abandoning module MessagingRpc (314)
[2017.04.01-12.51.58:482][853]LogModuleManager: Shutting down and abandoning module AIModule (312)
[2017.04.01-12.51.58:482][853]LogModuleManager: Shutting down and abandoning module GameplayDebugger (311)
[2017.04.01-12.51.58:482][853]LogModuleManager: Shutting down and abandoning module AITestSuite (309)
[2017.04.01-12.51.58:482][853]LogModuleManager: Shutting down and abandoning module ProfilerService (306)
[2017.04.01-12.51.58:510][853]LogModuleManager: Shutting down and abandoning module TaskGraph (304)
[2017.04.01-12.51.58:510][853]LogModuleManager: Shutting down and abandoning module SteamVRController (302)
[2017.04.01-12.51.58:510][853]LogModuleManager: Shutting down and abandoning module SteamVR (300)
[2017.04.01-12.51.58:510][853]LogModuleManager: Shutting down and abandoning module ProceduralMeshComponentEditor (298)
[2017.04.01-12.51.58:510][853]LogModuleManager: Shutting down and abandoning module ProceduralMeshComponent (296)
[2017.04.01-12.51.58:510][853]LogModuleManager: Shutting down and abandoning module OculusLibrary (294)
[2017.04.01-12.51.58:510][853]LogModuleManager: Shutting down and abandoning module OculusInput (292)
[2017.04.01-12.51.58:510][853]LogModuleManager: Shutting down and abandoning module MobilePatchingUtils (290)
[2017.04.01-12.51.58:511][853]LogModuleManager: Shutting down and abandoning module CustomMeshComponent (288)
[2017.04.01-12.51.58:511][853]LogModuleManager: Shutting down and abandoning module CableComponent (286)
[2017.04.01-12.51.58:511][853]LogModuleManager: Shutting down and abandoning module ArchVisCharacter (284)
[2017.04.01-12.51.58:511][853]LogModuleManager: Shutting down and abandoning module MediaPlayerEditor (280)
[2017.04.01-12.51.58:511][853]LogModuleManager: Shutting down and abandoning module HTML5Networking (278)
[2017.04.01-12.51.58:511][853]LogModuleManager: Shutting down and abandoning module AlembicImporter (276)
[2017.04.01-12.51.58:511][853]LogModuleManager: Shutting down and abandoning module AlembicLibrary (275)
[2017.04.01-12.51.58:511][853]LogModuleManager: Shutting down and abandoning module GeometryCache (274)
[2017.04.01-12.51.58:511][853]LogModuleManager: Shutting down and abandoning module GeometryCacheEd (273)
[2017.04.01-12.51.58:511][853]LogModuleManager: Shutting down and abandoning module SuperSearchEditor (268)
[2017.04.01-12.51.58:511][853]LogModuleManager: Shutting down and abandoning module SuperSearch (267)
[2017.04.01-12.51.58:511][853]LogModuleManager: Shutting down and abandoning module SpeedTreeImporter (264)
[2017.04.01-12.51.58:511][853]LogModuleManager: Shutting down and abandoning module PluginBrowser (262)
[2017.04.01-12.51.58:511][853]LogModuleManager: Shutting down and abandoning module MobileLauncherProfileWizard (260)
[2017.04.01-12.51.58:511][853]LogModuleManager: Shutting down and abandoning module EpicSurvey (258)
[2017.04.01-12.51.58:511][853]LogModuleManager: Shutting down and abandoning module VisualStudioSourceCodeAccess (256)
[2017.04.01-12.51.58:511][853]LogModuleManager: Shutting down and abandoning module DesktopPlatform (255)
[2017.04.01-12.51.58:511][853]LogModuleManager: Shutting down and abandoning module UObjectPlugin (252)
[2017.04.01-12.51.58:511][853]LogModuleManager: Shutting down and abandoning module SubversionSourceControl (250)
[2017.04.01-12.51.58:511][853]LogModuleManager: Shutting down and abandoning module PerforceSourceControl (248)
[2017.04.01-12.51.58:511][853]LogModuleManager: Shutting down and abandoning module GitSourceControl (246)
[2017.04.01-12.51.58:511][853]LogModuleManager: Shutting down and abandoning module SourceControl (245)
[2017.04.01-12.51.58:511][853]LogModuleManager: Shutting down and abandoning module LightPropagationVolumeEditor (242)
[2017.04.01-12.51.58:511][853]LogModuleManager: Shutting down and abandoning module PaperTiledImporter (240)
[2017.04.01-12.51.58:511][853]LogModuleManager: Shutting down and abandoning module PaperSpriteSheetImporter (238)
[2017.04.01-12.51.58:511][853]LogModuleManager: Shutting down and abandoning module Paper2DEditor (236)
[2017.04.01-12.51.58:511][853]LogModuleManager: Shutting down and abandoning module MeshPaint (235)
[2017.04.01-12.51.58:511][853]LogModuleManager: Shutting down and abandoning module LevelEditor (233)
[2017.04.01-12.51.58:511][853]LogModuleManager: Shutting down and abandoning module PixelInspectorModule (232)
[2017.04.01-12.51.58:511][853]LogModuleManager: Shutting down and abandoning module MainFrame (230)
[2017.04.01-12.51.58:511][853]LogModuleManager: Shutting down and abandoning module HotReload (229)
[2017.04.01-12.51.58:512][853]LogModuleManager: Shutting down and abandoning module ContentBrowser (225)
[2017.04.01-12.51.58:512][853]LogModuleManager: Shutting down and abandoning module PhysXVehiclesEditor (222)
[2017.04.01-12.51.58:512][853]LogModuleManager: Shutting down and abandoning module PhysXVehicles (220)
[2017.04.01-12.51.58:512][853]LogModuleManager: Shutting down and abandoning module LocationServicesBPLibrary (218)
[2017.04.01-12.51.58:512][853]LogModuleManager: Shutting down and abandoning module UdpMessaging (216)
[2017.04.01-12.51.58:614][853]LogModuleManager: Shutting down and abandoning module TcpMessaging (214)
[2017.04.01-12.51.58:715][853]LogModuleManager: Shutting down and abandoning module GameplayTagsEditor (212)
[2017.04.01-12.51.58:715][853]LogModuleManager: Shutting down and abandoning module FacialAnimationEditor (210)
[2017.04.01-12.51.58:715][853]LogModuleManager: Shutting down and abandoning module FacialAnimation (208)
[2017.04.01-12.51.58:715][853]LogModuleManager: Shutting down and abandoning module LightPropagationVolumeRuntime (206)
[2017.04.01-12.51.58:715][853]LogModuleManager: Shutting down and abandoning module Paper2D (204)
[2017.04.01-12.51.58:715][853]LogModuleManager: Shutting down and abandoning module WindowsMoviePlayer (202)
[2017.04.01-12.51.58:715][853]LogModuleManager: Shutting down and abandoning module WmfMedia (200)
[2017.04.01-12.51.58:715][853]LogModuleManager: Shutting down and abandoning module MfMedia (198)
[2017.04.01-12.51.58:715][853]LogModuleManager: Shutting down and abandoning module MediaAssets (196)
[2017.04.01-12.51.58:715][853]LogModuleManager: Shutting down and abandoning module GameLiveStreaming (194)
[2017.04.01-12.51.58:715][853]LogModuleManager: Shutting down and abandoning module VREditor (192)
[2017.04.01-12.51.58:715][853]LogModuleManager: Shutting down and abandoning module GameplayTasksEditor (190)
[2017.04.01-12.51.58:715][853]LogModuleManager: Shutting down and abandoning module BehaviorTreeEditor (188)
[2017.04.01-12.51.58:715][853]LogModuleManager: Shutting down and abandoning module FunctionalTesting (186)
[2017.04.01-12.51.58:715][853]LogModuleManager: Shutting down and abandoning module CollisionAnalyzer (184)
[2017.04.01-12.51.58:715][853]LogModuleManager: Shutting down and abandoning module UMG (182)
[2017.04.01-12.51.58:715][853]LogModuleManager: Shutting down and abandoning module UMGEditor (181)
[2017.04.01-12.51.58:715][853]LogModuleManager: Shutting down and abandoning module Sequencer (180)
[2017.04.01-12.51.58:715][853]LogModuleManager: Shutting down and abandoning module AssetTools (178)
[2017.04.01-12.51.58:715][853]LogModuleManager: Shutting down and abandoning module MessageLog (177)
[2017.04.01-12.51.58:715][853]LogModuleManager: Shutting down and abandoning module WorkspaceMenuStructure (176)
[2017.04.01-12.51.58:715][853]LogModuleManager: Shutting down and abandoning module SlateReflector (170)
[2017.04.01-12.51.58:715][853]LogModuleManager: Shutting down and abandoning module Slate (168)
[2017.04.01-12.51.58:715][853]LogModuleManager: Shutting down and abandoning module EditorStyle (166)
[2017.04.01-12.51.58:717][853]LogModuleManager: Shutting down and abandoning module SourceCodeAccess (164)
[2017.04.01-12.51.58:717][853]LogModuleManager: Shutting down and abandoning module HeadMountedDisplay (162)
[2017.04.01-12.51.58:717][853]LogModuleManager: Shutting down and abandoning module XAudio2 (160)
[2017.04.01-12.51.58:717][853]LogModuleManager: Shutting down and abandoning module Networking (158)
[2017.04.01-12.51.58:717][853]LogModuleManager: Shutting down and abandoning module Core (154)
[2017.04.01-12.51.58:717][853]LogModuleManager: Shutting down and abandoning module AssetRegistry (152)
[2017.04.01-12.51.58:779][853]LogDirectoryWatcher: A directory notification for '../../../Engine/Content/' was aborted.
[2017.04.01-12.51.58:780][853]LogDirectoryWatcher: A directory notification for 'C:/Users/SpaceVR/Documents/GitHub/Human/HumanUnrealProject/Human_V0_1/Content/' was aborted.
[2017.04.01-12.51.58:780][853]LogDirectoryWatcher: A directory notification for '../../../Engine/Plugins/2D/Paper2D/Content/' was aborted.
[2017.04.01-12.51.58:780][853]LogModuleManager: Shutting down and abandoning module DirectoryWatcher (151)
[2017.04.01-12.51.58:780][853]LogModuleManager: Shutting down and abandoning module KismetCompiler (148)
[2017.04.01-12.51.58:780][853]LogModuleManager: Shutting down and abandoning module PhysXFormats (146)
[2017.04.01-12.51.58:780][853]LogModuleManager: Shutting down and abandoning module MeshUtilities (144)
[2017.04.01-12.51.58:780][853]LogModuleManager: Shutting down and abandoning module SimplygonSwarm (143)
[2017.04.01-12.51.58:780][853]LogModuleManager: Shutting down and abandoning module SimplygonMeshReduction (141)
[2017.04.01-12.51.58:780][853]LogModuleManager: Shutting down and abandoning module QuadricMeshReduction (139)
[2017.04.01-12.51.58:780][853]LogModuleManager: Shutting down and abandoning module PropertyEditor (137)
[2017.04.01-12.51.58:780][853]LogModuleManager: Shutting down and abandoning module DerivedDataCache (134)
[2017.04.01-12.51.58:786][853]LogDerivedDataCache: Shutdown
[2017.04.01-12.51.58:786][853]LogModuleManager: Shutting down and abandoning module TargetPlatform (132)
[2017.04.01-12.51.58:786][853]LogModuleManager: Shutting down and abandoning module VulkanShaderFormat (131)
[2017.04.01-12.51.58:786][853]LogModuleManager: Shutting down and abandoning module ShaderFormatOpenGL (129)
[2017.04.01-12.51.58:786][853]LogModuleManager: Shutting down and abandoning module ShaderFormatD3D (127)
[2017.04.01-12.51.58:786][853]LogModuleManager: Shutting down and abandoning module MetalShaderFormat (125)
[2017.04.01-12.51.58:786][853]LogModuleManager: Shutting down and abandoning module TextureFormatUncompressed (123)
[2017.04.01-12.51.58:786][853]LogModuleManager: Shutting down and abandoning module TextureFormatPVR (121)
[2017.04.01-12.51.58:786][853]LogModuleManager: Shutting down and abandoning module TextureFormatDXT (119)
[2017.04.01-12.51.58:786][853]LogModuleManager: Shutting down and abandoning module TextureFormatIntelISPCTexComp (117)
[2017.04.01-12.51.58:786][853]LogModuleManager: Shutting down and abandoning module TextureFormatASTC (115)
[2017.04.01-12.51.58:786][853]LogModuleManager: Shutting down and abandoning module ImageWrapper (114)
[2017.04.01-12.51.58:786][853]LogModuleManager: Shutting down and abandoning module TextureFormatAndroid (111)
[2017.04.01-12.51.58:786][853]LogModuleManager: Shutting down and abandoning module AudioFormatOpus (109)
[2017.04.01-12.51.58:786][853]LogModuleManager: Shutting down and abandoning module AudioFormatOgg (107)
[2017.04.01-12.51.58:786][853]LogModuleManager: Shutting down and abandoning module AudioFormatADPCM (105)
[2017.04.01-12.51.58:786][853]LogModuleManager: Shutting down and abandoning module LinuxTargetPlatform (103)
[2017.04.01-12.51.58:787][853]LogModuleManager: Shutting down and abandoning module LinuxServerTargetPlatform (101)
[2017.04.01-12.51.58:787][853]LogModuleManager: Shutting down and abandoning module LinuxNoEditorTargetPlatform (99)
[2017.04.01-12.51.58:787][853]LogModuleManager: Shutting down and abandoning module LinuxClientTargetPlatform (97)
[2017.04.01-12.51.58:787][853]LogModuleManager: Shutting down and abandoning module TVOSTargetPlatform (95)
[2017.04.01-12.51.58:787][853]LogModuleManager: Shutting down and abandoning module Messaging (93)
[2017.04.01-12.51.58:787][853]LogModuleManager: Shutting down and abandoning module IOSTargetPlatform (91)
[2017.04.01-12.51.58:787][853]LogModuleManager: Shutting down and abandoning module HTML5TargetPlatform (89)
[2017.04.01-12.51.58:787][853]LogModuleManager: Shutting down and abandoning module Android_PVRTCTargetPlatform (87)
[2017.04.01-12.51.58:787][853]LogModuleManager: Shutting down and abandoning module Android_MultiTargetPlatform (85)
[2017.04.01-12.51.58:787][853]LogModuleManager: Shutting down and abandoning module Android_ETC2TargetPlatform (83)
[2017.04.01-12.51.58:787][853]LogModuleManager: Shutting down and abandoning module Android_ETC1TargetPlatform (81)
[2017.04.01-12.51.58:787][853]LogModuleManager: Shutting down and abandoning module Android_DXTTargetPlatform (79)
[2017.04.01-12.51.58:787][853]LogModuleManager: Shutting down and abandoning module Android_ATCTargetPlatform (77)
[2017.04.01-12.51.58:787][853]LogModuleManager: Shutting down and abandoning module Android_ASTCTargetPlatform (75)
[2017.04.01-12.51.58:787][853]LogModuleManager: Shutting down and abandoning module AndroidTargetPlatform (73)
[2017.04.01-12.51.58:787][853]LogModuleManager: Shutting down and abandoning module WindowsTargetPlatform (71)
[2017.04.01-12.51.58:787][853]LogModuleManager: Shutting down and abandoning module WindowsServerTargetPlatform (69)
[2017.04.01-12.51.58:787][853]LogModuleManager: Shutting down and abandoning module WindowsNoEditorTargetPlatform (67)
[2017.04.01-12.51.58:787][853]LogModuleManager: Shutting down and abandoning module WindowsClientTargetPlatform (65)
[2017.04.01-12.51.58:787][853]LogModuleManager: Shutting down and abandoning module MacTargetPlatform (63)
[2017.04.01-12.51.58:787][853]LogModuleManager: Shutting down and abandoning module MacServerTargetPlatform (61)
[2017.04.01-12.51.58:787][853]LogModuleManager: Shutting down and abandoning module MacNoEditorTargetPlatform (59)
[2017.04.01-12.51.58:787][853]LogModuleManager: Shutting down and abandoning module MacClientTargetPlatform (57)
[2017.04.01-12.51.58:787][853]LogModuleManager: Shutting down and abandoning module AllDesktopTargetPlatform (55)
[2017.04.01-12.51.58:787][853]LogModuleManager: Shutting down and abandoning module InputCore (52)
[2017.04.01-12.51.58:787][853]LogModuleManager: Shutting down and abandoning module Settings (50)
[2017.04.01-12.51.58:787][853]LogModuleManager: Shutting down and abandoning module OculusRift (48)
[2017.04.01-12.51.58:787][853]LogHMD: Oculus shutdown.
[2017.04.01-12.51.58:787][853]LogModuleManager: Shutting down and abandoning module GearVR (46)
[2017.04.01-12.51.58:787][853]LogModuleManager: Shutting down and abandoning module ExampleDeviceProfileSelector (44)
[2017.04.01-12.51.58:787][853]LogModuleManager: Shutting down and abandoning module OnlineBlueprintSupport (42)
[2017.04.01-12.51.58:787][853]LogModuleManager: Shutting down and abandoning module OnlineSubsystem (38)
[2017.04.01-12.51.58:787][853]LogOnline:Display: Unloading online subsystem: NULL
[2017.04.01-12.51.58:787][853]LogModuleManager: Shutting down and abandoning module XMPP (37)
[2017.04.01-12.51.58:787][853]LogModuleManager: Shutting down and abandoning module HTTP (35)
[2017.04.01-12.51.58:787][853]LogHttp:Display: Http module shutting down, but needs to wait on 1 outstanding Http requests:
[2017.04.01-12.51.58:787][853]LogHttp:Display: 	verb=[POST] url=[https://datarouter.ol.epicgames.com/datarouter/api/v1/public/data?SessionID=%7B3F5539EE-466A-28A3-5D44-6C8B9A62BC18%7D&AppID=UEEditor.Rocket.Release&AppVersion=4.15.1-3348071%2B%2B%2BUE4%2BRelease-4.15&UserID=ad27cf91423ef10f7b4bbebab21b5ba7%7C9ee9ccb163564370a83322054030465a%7C0a88929d-4641-44fa-b565-209b2b4495be&AppEnvironment=datacollector-binary&UploadType=eteventstream] status=Processing
[2017.04.01-12.51.58:800][853]LogModuleManager: Shutting down and abandoning module SSL (34)
[2017.04.01-12.51.58:801][853]LogModuleManager: Shutting down and abandoning module AudioEditor (30)
[2017.04.01-12.51.58:801][853]LogModuleManager: Shutting down and abandoning module TextureCompressor (28)
[2017.04.01-12.51.58:801][853]LogModuleManager: Shutting down and abandoning module ShaderCore (26)
[2017.04.01-12.51.58:801][853]LogModuleManager: Shutting down and abandoning module Landscape (24)
[2017.04.01-12.51.58:801][853]LogModuleManager: Shutting down and abandoning module SlateRHIRenderer (22)
[2017.04.01-12.51.58:802][853]LogModuleManager: Shutting down and abandoning module OpenGLDrv (20)
[2017.04.01-12.51.58:802][853]LogModuleManager: Shutting down and abandoning module D3D11RHI (18)
[2017.04.01-12.51.58:802][853]LogModuleManager: Shutting down and abandoning module AnimGraphRuntime (16)
[2017.04.01-12.51.58:802][853]LogModuleManager: Shutting down and abandoning module Renderer (14)
[2017.04.01-12.51.58:802][853]LogModuleManager: Shutting down and abandoning module Engine (12)
[2017.04.01-12.51.58:802][853]LogModuleManager: Shutting down and abandoning module CoreUObject (10)
[2017.04.01-12.51.58:802][853]LogModuleManager: Shutting down and abandoning module NetworkFile (8)
[2017.04.01-12.51.58:802][853]LogModuleManager: Shutting down and abandoning module StreamingFile (6)
[2017.04.01-12.51.58:802][853]LogModuleManager: Shutting down and abandoning module SandboxFile (4)
[2017.04.01-12.51.58:802][853]LogModuleManager: Shutting down and abandoning module PakFile (2)
[2017.04.01-12.51.58:804][853]LogExit: Exiting.
[2017.04.01-12.51.58:805][853]Log file closed, 04/01/17 05:51:58
